# JRE version: OpenJDK Runtime Environment (8.0_152-b01) (build 1.8.0_152-release-1248-b01)
# Java VM: OpenJDK 64-Bit Server VM (25.152-b01 mixed mode linux-amd64 compressed oops)
Heap:
 PSYoungGen      total 376320K, used 3054K [0x00000000e0000000, 0x00000000f8300000, 0x0000000100000000)
  eden space 356352K, 0% used [0x00000000e0000000,0x00000000e0000000,0x00000000f5c00000)
  from space 19968K, 15% used [0x00000000f5c00000,0x00000000f5efbb40,0x00000000f6f80000)
  to   space 19968K, 0% used [0x00000000f6f80000,0x00000000f6f80000,0x00000000f8300000)
 ParOldGen       total 98816K, used 47249K [0x00000000a0000000, 0x00000000a6080000, 0x00000000e0000000)
  object space 98816K, 47% used [0x00000000a0000000,0x00000000a2e24408,0x00000000a6080000)
 Metaspace       used 97203K, capacity 101304K, committed 101400K, reserved 1138688K
  class space    used 12196K, capacity 13040K, committed 13088K, reserved 1048576K
GC Heap History (10 events):
Event: 1568.317 GC heap after
Heap after GC invocations=26 (full 4):
 PSYoungGen      total 254976K, used 0K [0x00000000e0000000, 0x00000000f3880000, 0x0000000100000000)
  eden space 244224K, 0% used [0x00000000e0000000,0x00000000e0000000,0x00000000eee80000)
  from space 10752K, 0% used [0x00000000f0400000,0x00000000f0400000,0x00000000f0e80000)
  to   space 22016K, 0% used [0x00000000eee80000,0x00000000eee80000,0x00000000f0400000)
 ParOldGen       total 98816K, used 44394K [0x00000000a0000000, 0x00000000a6080000, 0x00000000e0000000)
  object space 98816K, 44% used [0x00000000a0000000,0x00000000a2b5a990,0x00000000a6080000)
 Metaspace       used 94227K, capacity 97852K, committed 98600K, reserved 1134592K
  class space    used 11961K, capacity 12770K, committed 12960K, reserved 1048576K
}
Event: 1570.255 GC heap before
{Heap before GC invocations=27 (full 4):
 PSYoungGen      total 254976K, used 244224K [0x00000000e0000000, 0x00000000f3880000, 0x0000000100000000)
  eden space 244224K, 100% used [0x00000000e0000000,0x00000000eee80000,0x00000000eee80000)
  from space 10752K, 0% used [0x00000000f0400000,0x00000000f0400000,0x00000000f0e80000)
  to   space 22016K, 0% used [0x00000000eee80000,0x00000000eee80000,0x00000000f0400000)
 ParOldGen       total 98816K, used 44394K [0x00000000a0000000, 0x00000000a6080000, 0x00000000e0000000)
  object space 98816K, 44% used [0x00000000a0000000,0x00000000a2b5a990,0x00000000a6080000)
 Metaspace       used 96494K, capacity 100548K, committed 100632K, reserved 1136640K
  class space    used 12190K, capacity 13034K, committed 13088K, reserved 1048576K
Event: 1570.264 GC heap after
Heap after GC invocations=27 (full 4):
 PSYoungGen      total 266240K, used 8122K [0x00000000e0000000, 0x00000000f5400000, 0x0000000100000000)
  eden space 244224K, 0% used [0x00000000e0000000,0x00000000e0000000,0x00000000eee80000)
  from space 22016K, 36% used [0x00000000eee80000,0x00000000ef66e908,0x00000000f0400000)
  to   space 20992K, 0% used [0x00000000f3f80000,0x00000000f3f80000,0x00000000f5400000)
 ParOldGen       total 98816K, used 44402K [0x00000000a0000000, 0x00000000a6080000, 0x00000000e0000000)
  object space 98816K, 44% used [0x00000000a0000000,0x00000000a2b5c990,0x00000000a6080000)
 Metaspace       used 96494K, capacity 100548K, committed 100632K, reserved 1136640K
  class space    used 12190K, capacity 13034K, committed 13088K, reserved 1048576K
}
Event: 1571.126 GC heap before
{Heap before GC invocations=28 (full 4):
 PSYoungGen      total 266240K, used 252346K [0x00000000e0000000, 0x00000000f5400000, 0x0000000100000000)
  eden space 244224K, 100% used [0x00000000e0000000,0x00000000eee80000,0x00000000eee80000)
  from space 22016K, 36% used [0x00000000eee80000,0x00000000ef66e908,0x00000000f0400000)
  to   space 20992K, 0% used [0x00000000f3f80000,0x00000000f3f80000,0x00000000f5400000)
 ParOldGen       total 98816K, used 44402K [0x00000000a0000000, 0x00000000a6080000, 0x00000000e0000000)
  object space 98816K, 44% used [0x00000000a0000000,0x00000000a2b5c990,0x00000000a6080000)
 Metaspace       used 96756K, capacity 100846K, committed 101144K, reserved 1136640K
  class space    used 12192K, capacity 13037K, committed 13088K, reserved 1048576K
Event: 1571.136 GC heap after
Heap after GC invocations=28 (full 4):
 PSYoungGen      total 320000K, used 7532K [0x00000000e0000000, 0x00000000f5000000, 0x0000000100000000)
  eden space 303104K, 0% used [0x00000000e0000000,0x00000000e0000000,0x00000000f2800000)
  from space 16896K, 44% used [0x00000000f3f80000,0x00000000f46db200,0x00000000f5000000)
  to   space 20480K, 0% used [0x00000000f2800000,0x00000000f2800000,0x00000000f3c00000)
 ParOldGen       total 98816K, used 44402K [0x00000000a0000000, 0x00000000a6080000, 0x00000000e0000000)
  object space 98816K, 44% used [0x00000000a0000000,0x00000000a2b5c990,0x00000000a6080000)
 Metaspace       used 96756K, capacity 100846K, committed 101144K, reserved 1136640K
  class space    used 12192K, capacity 13037K, committed 13088K, reserved 1048576K
}
Event: 1571.959 GC heap before
{Heap before GC invocations=29 (full 4):
 PSYoungGen      total 320000K, used 310636K [0x00000000e0000000, 0x00000000f5000000, 0x0000000100000000)
  eden space 303104K, 100% used [0x00000000e0000000,0x00000000f2800000,0x00000000f2800000)
  from space 16896K, 44% used [0x00000000f3f80000,0x00000000f46db200,0x00000000f5000000)
  to   space 20480K, 0% used [0x00000000f2800000,0x00000000f2800000,0x00000000f3c00000)
 ParOldGen       total 98816K, used 44402K [0x00000000a0000000, 0x00000000a6080000, 0x00000000e0000000)
  object space 98816K, 44% used [0x00000000a0000000,0x00000000a2b5c990,0x00000000a6080000)
 Metaspace       used 97021K, capacity 101152K, committed 101400K, reserved 1138688K
  class space    used 12196K, capacity 13040K, committed 13088K, reserved 1048576K
Event: 1571.968 GC heap after
Heap after GC invocations=29 (full 4):
 PSYoungGen      total 323584K, used 5342K [0x00000000e0000000, 0x00000000f8380000, 0x0000000100000000)
  eden space 303104K, 0% used [0x00000000e0000000,0x00000000e0000000,0x00000000f2800000)
  from space 20480K, 26% used [0x00000000f2800000,0x00000000f2d37820,0x00000000f3c00000)
  to   space 20480K, 0% used [0x00000000f6f80000,0x00000000f6f80000,0x00000000f8380000)
 ParOldGen       total 98816K, used 44410K [0x00000000a0000000, 0x00000000a6080000, 0x00000000e0000000)
  object space 98816K, 44% used [0x00000000a0000000,0x00000000a2b5e990,0x00000000a6080000)
 Metaspace       used 97021K, capacity 101152K, committed 101400K, reserved 1138688K
  class space    used 12196K, capacity 13040K, committed 13088K, reserved 1048576K
}
Event: 1572.692 GC heap before
{Heap before GC invocations=30 (full 4):
 PSYoungGen      total 323584K, used 308446K [0x00000000e0000000, 0x00000000f8380000, 0x0000000100000000)
  eden space 303104K, 100% used [0x00000000e0000000,0x00000000f2800000,0x00000000f2800000)
  from space 20480K, 26% used [0x00000000f2800000,0x00000000f2d37820,0x00000000f3c00000)
  to   space 20480K, 0% used [0x00000000f6f80000,0x00000000f6f80000,0x00000000f8380000)
 ParOldGen       total 98816K, used 44410K [0x00000000a0000000, 0x00000000a6080000, 0x00000000e0000000)
  object space 98816K, 44% used [0x00000000a0000000,0x00000000a2b5e990,0x00000000a6080000)
 Metaspace       used 97131K, capacity 101236K, committed 101400K, reserved 1138688K
  class space    used 12196K, capacity 13040K, committed 13088K, reserved 1048576K
Event: 1572.706 GC heap after
Heap after GC invocations=30 (full 4):
 PSYoungGen      total 376320K, used 4125K [0x00000000e0000000, 0x00000000f8300000, 0x0000000100000000)
  eden space 356352K, 0% used [0x00000000e0000000,0x00000000e0000000,0x00000000f5c00000)
  from space 19968K, 20% used [0x00000000f6f80000,0x00000000f7387688,0x00000000f8300000)
  to   space 19968K, 0% used [0x00000000f5c00000,0x00000000f5c00000,0x00000000f6f80000)
 ParOldGen       total 98816K, used 46842K [0x00000000a0000000, 0x00000000a6080000, 0x00000000e0000000)
  object space 98816K, 47% used [0x00000000a0000000,0x00000000a2dbe9c0,0x00000000a6080000)
 Metaspace       used 97131K, capacity 101236K, committed 101400K, reserved 1138688K
  class space    used 12196K, capacity 13040K, committed 13088K, reserved 1048576K
}
Event: 1573.734 GC heap before
{Heap before GC invocations=31 (full 4):
 PSYoungGen      total 376320K, used 360477K [0x00000000e0000000, 0x00000000f8300000, 0x0000000100000000)
  eden space 356352K, 100% used [0x00000000e0000000,0x00000000f5c00000,0x00000000f5c00000)
  from space 19968K, 20% used [0x00000000f6f80000,0x00000000f7387688,0x00000000f8300000)
  to   space 19968K, 0% used [0x00000000f5c00000,0x00000000f5c00000,0x00000000f6f80000)
 ParOldGen       total 98816K, used 46842K [0x00000000a0000000, 0x00000000a6080000, 0x00000000e0000000)
  object space 98816K, 47% used [0x00000000a0000000,0x00000000a2dbe9c0,0x00000000a6080000)
 Metaspace       used 97203K, capacity 101304K, committed 101400K, reserved 1138688K
  class space    used 12196K, capacity 13040K, committed 13088K, reserved 1048576K

